<?xml version="1.0" encoding="UTF-8"?>
<coverage generated="1740240421315" clover="3.2.0">
  <project timestamp="1740240421316" name="All files">
    <metrics statements="25" coveredstatements="18" conditionals="3" coveredconditionals="1" methods="6" coveredmethods="3" elements="34" coveredelements="22" complexity="0" loc="25" ncloc="25" packages="1" files="2" classes="2"/>
    <file name="gameboard.js" path="C:\Users\badde\Desktop\Programming\Odin\battleship-project\gameboard.js">
      <metrics statements="10" coveredstatements="8" conditionals="0" coveredconditionals="0" methods="3" coveredmethods="2"/>
      <line num="1" count="1" type="stmt"/>
      <line num="4" count="1" type="stmt"/>
      <line num="5" count="1" type="stmt"/>
      <line num="6" count="1" type="stmt"/>
      <line num="10" count="10" type="stmt"/>
      <line num="16" count="1" type="stmt"/>
      <line num="17" count="0" type="stmt"/>
      <line num="18" count="0" type="stmt"/>
      <line num="30" count="1" type="stmt"/>
      <line num="34" count="1" type="stmt"/>
    </file>
    <file name="main.js" path="C:\Users\badde\Desktop\Programming\Odin\battleship-project\main.js">
      <metrics statements="15" coveredstatements="10" conditionals="3" coveredconditionals="1" methods="3" coveredmethods="1"/>
      <line num="4" count="5" type="stmt"/>
      <line num="5" count="5" type="stmt"/>
      <line num="6" count="5" type="stmt"/>
      <line num="11" count="0" type="stmt"/>
      <line num="12" count="0" type="stmt"/>
      <line num="17" count="0" type="cond" truecount="0" falsecount="2"/>
      <line num="18" count="0" type="stmt"/>
      <line num="20" count="0" type="stmt"/>
      <line num="25" count="1" type="stmt"/>
      <line num="26" count="1" type="stmt"/>
      <line num="27" count="1" type="stmt"/>
      <line num="28" count="1" type="stmt"/>
      <line num="29" count="1" type="stmt"/>
      <line num="31" count="1" type="stmt"/>
      <line num="33" count="1" type="stmt"/>
    </file>
  </project>
</coverage>
