<?xml version="1.0" encoding="UTF-8"?>
<coverage generated="1740241988501" clover="3.2.0">
  <project timestamp="1740241988502" name="All files">
    <metrics statements="16" coveredstatements="11" conditionals="4" coveredconditionals="2" methods="3" coveredmethods="1" elements="23" coveredelements="14" complexity="0" loc="16" ncloc="16" packages="1" files="1" classes="1"/>
    <file name="main.js" path="C:\Users\badde\Desktop\Programming\Odin\battleship-project\main.js">
      <metrics statements="16" coveredstatements="11" conditionals="4" coveredconditionals="2" methods="3" coveredmethods="1"/>
      <line num="4" count="5" type="stmt"/>
      <line num="5" count="5" type="stmt"/>
      <line num="6" count="5" type="stmt"/>
      <line num="7" count="5" type="stmt"/>
      <line num="12" count="0" type="stmt"/>
      <line num="13" count="0" type="stmt"/>
      <line num="18" count="0" type="cond" truecount="0" falsecount="2"/>
      <line num="19" count="0" type="stmt"/>
      <line num="21" count="0" type="stmt"/>
      <line num="26" count="1" type="stmt"/>
      <line num="27" count="1" type="stmt"/>
      <line num="28" count="1" type="stmt"/>
      <line num="29" count="1" type="stmt"/>
      <line num="30" count="1" type="stmt"/>
      <line num="32" count="1" type="stmt"/>
      <line num="34" count="1" type="stmt"/>
    </file>
  </project>
</coverage>
