{"C:\\Users\\badde\\Desktop\\Programming\\Odin\\battleship-project\\gameboard.js": {"path":"C:\\Users\\badde\\Desktop\\Programming\\Odin\\battleship-project\\gameboard.js","statementMap":{"0":{"start":{"line":1,"column":13},"end":{"line":1,"column":30}},"1":{"start":{"line":4,"column":8},"end":{"line":4,"column":25}},"2":{"start":{"line":5,"column":8},"end":{"line":5,"column":31}},"3":{"start":{"line":6,"column":8},"end":{"line":15,"column":9}},"4":{"start":{"line":6,"column":20},"end":{"line":6,"column":21}},"5":{"start":{"line":10,"column":12},"end":{"line":14,"column":13}},"6":{"start":{"line":10,"column":25},"end":{"line":10,"column":26}},"7":{"start":{"line":16,"column":27},"end":{"line":20,"column":9}},"8":{"start":{"line":17,"column":33},"end":{"line":17,"column":37}},"9":{"start":{"line":18,"column":36},"end":{"line":18,"column":43}},"10":{"start":{"line":19,"column":12},"end":{"line":19,"column":34}},"11":{"start":{"line":34,"column":8},"end":{"line":34,"column":37}},"12":{"start":{"line":35,"column":8},"end":{"line":35,"column":40}},"13":{"start":{"line":41,"column":8},"end":{"line":41,"column":26}},"14":{"start":{"line":45,"column":0},"end":{"line":45,"column":27}}},"fnMap":{"0":{"name":"(anonymous_0)","decl":{"start":{"line":3,"column":4},"end":{"line":3,"column":5}},"loc":{"start":{"line":3,"column":31},"end":{"line":21,"column":5}},"line":3},"1":{"name":"(anonymous_1)","decl":{"start":{"line":16,"column":27},"end":{"line":16,"column":28}},"loc":{"start":{"line":16,"column":46},"end":{"line":20,"column":9}},"line":16},"2":{"name":"(anonymous_2)","decl":{"start":{"line":33,"column":4},"end":{"line":33,"column":5}},"loc":{"start":{"line":33,"column":26},"end":{"line":36,"column":5}},"line":33},"3":{"name":"(anonymous_3)","decl":{"start":{"line":38,"column":4},"end":{"line":38,"column":5}},"loc":{"start":{"line":38,"column":30},"end":{"line":42,"column":5}},"line":38}},"branchMap":{},"s":{"0":1,"1":2,"2":2,"3":2,"4":2,"5":15,"6":15,"7":2,"8":0,"9":0,"10":0,"11":1,"12":1,"13":1,"14":1},"f":{"0":2,"1":0,"2":1,"3":1},"b":{},"_coverageSchema":"1a1c01bbd47fc00a2c39e90264f33305004495a9","hash":"5b6bbeef07966df987ba9581b4e236c12ca4d0a6"}
,"C:\\Users\\badde\\Desktop\\Programming\\Odin\\battleship-project\\main.js": {"path":"C:\\Users\\badde\\Desktop\\Programming\\Odin\\battleship-project\\main.js","statementMap":{"0":{"start":{"line":4,"column":4},"end":{"line":4,"column":21}},"1":{"start":{"line":5,"column":4},"end":{"line":5,"column":25}},"2":{"start":{"line":6,"column":4},"end":{"line":6,"column":21}},"3":{"start":{"line":7,"column":4},"end":{"line":7,"column":25}},"4":{"start":{"line":12,"column":4},"end":{"line":12,"column":19}},"5":{"start":{"line":13,"column":4},"end":{"line":13,"column":32}},"6":{"start":{"line":18,"column":4},"end":{"line":22,"column":5}},"7":{"start":{"line":19,"column":6},"end":{"line":19,"column":25}},"8":{"start":{"line":21,"column":6},"end":{"line":21,"column":26}},"9":{"start":{"line":26,"column":18},"end":{"line":26,"column":42}},"10":{"start":{"line":27,"column":18},"end":{"line":27,"column":42}},"11":{"start":{"line":28,"column":16},"end":{"line":28,"column":38}},"12":{"start":{"line":29,"column":19},"end":{"line":29,"column":44}},"13":{"start":{"line":30,"column":16},"end":{"line":30,"column":38}},"14":{"start":{"line":32,"column":14},"end":{"line":32,"column":66}},"15":{"start":{"line":34,"column":0},"end":{"line":34,"column":22}}},"fnMap":{"0":{"name":"(anonymous_0)","decl":{"start":{"line":3,"column":2},"end":{"line":3,"column":3}},"loc":{"start":{"line":3,"column":54},"end":{"line":8,"column":3}},"line":3},"1":{"name":"(anonymous_1)","decl":{"start":{"line":11,"column":2},"end":{"line":11,"column":3}},"loc":{"start":{"line":11,"column":8},"end":{"line":14,"column":3}},"line":11},"2":{"name":"(anonymous_2)","decl":{"start":{"line":17,"column":2},"end":{"line":17,"column":3}},"loc":{"start":{"line":17,"column":11},"end":{"line":23,"column":3}},"line":17}},"branchMap":{"0":{"loc":{"start":{"line":3,"column":28},"end":{"line":3,"column":36}},"type":"default-arg","locations":[{"start":{"line":3,"column":35},"end":{"line":3,"column":36}}],"line":3},"1":{"loc":{"start":{"line":3,"column":38},"end":{"line":3,"column":52}},"type":"default-arg","locations":[{"start":{"line":3,"column":47},"end":{"line":3,"column":52}}],"line":3},"2":{"loc":{"start":{"line":18,"column":4},"end":{"line":22,"column":5}},"type":"if","locations":[{"start":{"line":18,"column":4},"end":{"line":22,"column":5}},{"start":{"line":20,"column":11},"end":{"line":22,"column":5}}],"line":18}},"s":{"0":5,"1":5,"2":5,"3":5,"4":0,"5":0,"6":0,"7":0,"8":0,"9":1,"10":1,"11":1,"12":1,"13":1,"14":1,"15":1},"f":{"0":5,"1":0,"2":0},"b":{"0":[5],"1":[5],"2":[0,0]},"_coverageSchema":"1a1c01bbd47fc00a2c39e90264f33305004495a9","hash":"7b25d4b13289294bf498575e3773962baddc4ac1"}
}
