{"C:\\Users\\badde\\Desktop\\Programming\\Odin\\battleship-project\\gameboard.js": {"path":"C:\\Users\\badde\\Desktop\\Programming\\Odin\\battleship-project\\gameboard.js","statementMap":{"0":{"start":{"line":1,"column":13},"end":{"line":1,"column":30}},"1":{"start":{"line":4,"column":8},"end":{"line":4,"column":25}},"2":{"start":{"line":5,"column":8},"end":{"line":5,"column":31}},"3":{"start":{"line":6,"column":8},"end":{"line":15,"column":9}},"4":{"start":{"line":6,"column":20},"end":{"line":6,"column":21}},"5":{"start":{"line":10,"column":12},"end":{"line":14,"column":13}},"6":{"start":{"line":10,"column":25},"end":{"line":10,"column":26}},"7":{"start":{"line":16,"column":27},"end":{"line":19,"column":9}},"8":{"start":{"line":17,"column":33},"end":{"line":17,"column":37}},"9":{"start":{"line":18,"column":36},"end":{"line":18,"column":43}},"10":{"start":{"line":30,"column":8},"end":{"line":30,"column":26}},"11":{"start":{"line":34,"column":0},"end":{"line":34,"column":27}}},"fnMap":{"0":{"name":"(anonymous_0)","decl":{"start":{"line":3,"column":4},"end":{"line":3,"column":5}},"loc":{"start":{"line":3,"column":31},"end":{"line":20,"column":5}},"line":3},"1":{"name":"(anonymous_1)","decl":{"start":{"line":16,"column":27},"end":{"line":16,"column":28}},"loc":{"start":{"line":16,"column":46},"end":{"line":19,"column":9}},"line":16},"2":{"name":"(anonymous_2)","decl":{"start":{"line":27,"column":4},"end":{"line":27,"column":5}},"loc":{"start":{"line":27,"column":30},"end":{"line":31,"column":5}},"line":27}},"branchMap":{},"s":{"0":1,"1":1,"2":1,"3":1,"4":1,"5":10,"6":10,"7":1,"8":0,"9":0,"10":1,"11":1},"f":{"0":1,"1":0,"2":1},"b":{},"_coverageSchema":"1a1c01bbd47fc00a2c39e90264f33305004495a9","hash":"e2d751b8feef894042b393892cef9ba5da2435c0"}
,"C:\\Users\\badde\\Desktop\\Programming\\Odin\\battleship-project\\main.js": {"path":"C:\\Users\\badde\\Desktop\\Programming\\Odin\\battleship-project\\main.js","statementMap":{"0":{"start":{"line":4,"column":4},"end":{"line":4,"column":21}},"1":{"start":{"line":5,"column":4},"end":{"line":5,"column":25}},"2":{"start":{"line":6,"column":4},"end":{"line":6,"column":21}},"3":{"start":{"line":11,"column":4},"end":{"line":11,"column":19}},"4":{"start":{"line":12,"column":4},"end":{"line":12,"column":32}},"5":{"start":{"line":17,"column":4},"end":{"line":21,"column":5}},"6":{"start":{"line":18,"column":6},"end":{"line":18,"column":25}},"7":{"start":{"line":20,"column":6},"end":{"line":20,"column":26}},"8":{"start":{"line":25,"column":18},"end":{"line":25,"column":42}},"9":{"start":{"line":26,"column":18},"end":{"line":26,"column":42}},"10":{"start":{"line":27,"column":16},"end":{"line":27,"column":38}},"11":{"start":{"line":28,"column":19},"end":{"line":28,"column":44}},"12":{"start":{"line":29,"column":16},"end":{"line":29,"column":38}},"13":{"start":{"line":31,"column":14},"end":{"line":31,"column":66}},"14":{"start":{"line":33,"column":0},"end":{"line":33,"column":22}}},"fnMap":{"0":{"name":"(anonymous_0)","decl":{"start":{"line":3,"column":2},"end":{"line":3,"column":3}},"loc":{"start":{"line":3,"column":38},"end":{"line":7,"column":3}},"line":3},"1":{"name":"(anonymous_1)","decl":{"start":{"line":10,"column":2},"end":{"line":10,"column":3}},"loc":{"start":{"line":10,"column":12},"end":{"line":13,"column":3}},"line":10},"2":{"name":"(anonymous_2)","decl":{"start":{"line":16,"column":2},"end":{"line":16,"column":3}},"loc":{"start":{"line":16,"column":23},"end":{"line":22,"column":3}},"line":16}},"branchMap":{"0":{"loc":{"start":{"line":3,"column":28},"end":{"line":3,"column":36}},"type":"default-arg","locations":[{"start":{"line":3,"column":35},"end":{"line":3,"column":36}}],"line":3},"1":{"loc":{"start":{"line":17,"column":4},"end":{"line":21,"column":5}},"type":"if","locations":[{"start":{"line":17,"column":4},"end":{"line":21,"column":5}},{"start":{"line":19,"column":11},"end":{"line":21,"column":5}}],"line":17}},"s":{"0":5,"1":5,"2":5,"3":0,"4":0,"5":0,"6":0,"7":0,"8":1,"9":1,"10":1,"11":1,"12":1,"13":1,"14":1},"f":{"0":5,"1":0,"2":0},"b":{"0":[5],"1":[0,0]},"_coverageSchema":"1a1c01bbd47fc00a2c39e90264f33305004495a9","hash":"946d6c74c5624208bb274772bec2554c760a0033"}
}
