TN:
SF:gameboard.js
FN:3,(anonymous_0)
FN:16,(anonymous_1)
FN:27,(anonymous_2)
FNF:3
FNH:2
FNDA:1,(anonymous_0)
FNDA:0,(anonymous_1)
FNDA:1,(anonymous_2)
DA:1,1
DA:4,1
DA:5,1
DA:6,1
DA:10,10
DA:16,1
DA:17,0
DA:18,0
DA:30,1
DA:34,1
LF:10
LH:8
BRF:0
BRH:0
end_of_record
TN:
SF:main.js
FN:3,(anonymous_0)
FN:10,(anonymous_1)
FN:16,(anonymous_2)
FNF:3
FNH:1
FNDA:5,(anonymous_0)
FNDA:0,(anonymous_1)
FNDA:0,(anonymous_2)
DA:4,5
DA:5,5
DA:6,5
DA:11,0
DA:12,0
DA:17,0
DA:18,0
DA:20,0
DA:25,1
DA:26,1
DA:27,1
DA:28,1
DA:29,1
DA:31,1
DA:33,1
LF:15
LH:10
BRDA:3,0,0,5
BRDA:17,1,0,0
BRDA:17,1,1,0
BRF:3
BRH:1
end_of_record
