TN:
SF:gameboard.js
FN:3,(anonymous_0)
FN:16,(anonymous_1)
FN:33,(anonymous_2)
FN:38,(anonymous_3)
FNF:4
FNH:3
FNDA:2,(anonymous_0)
FNDA:0,(anonymous_1)
FNDA:1,(anonymous_2)
FNDA:1,(anonymous_3)
DA:1,1
DA:4,2
DA:5,2
DA:6,2
DA:10,15
DA:16,2
DA:17,0
DA:18,0
DA:19,0
DA:34,1
DA:35,1
DA:41,1
DA:45,1
LF:13
LH:10
BRF:0
BRH:0
end_of_record
TN:
SF:main.js
FN:3,(anonymous_0)
FN:11,(anonymous_1)
FN:17,(anonymous_2)
FNF:3
FNH:1
FNDA:5,(anonymous_0)
FNDA:0,(anonymous_1)
FNDA:0,(anonymous_2)
DA:4,5
DA:5,5
DA:6,5
DA:7,5
DA:12,0
DA:13,0
DA:18,0
DA:19,0
DA:21,0
DA:26,1
DA:27,1
DA:28,1
DA:29,1
DA:30,1
DA:32,1
DA:34,1
LF:16
LH:11
BRDA:3,0,0,5
BRDA:3,1,0,5
BRDA:18,2,0,0
BRDA:18,2,1,0
BRF:4
BRH:2
end_of_record
